<?xml version="1.0" encoding="UTF-8"?>
<testsuite name="AnimalTest" tests="7" skipped="0" failures="0" errors="0" timestamp="2019-09-21T12:27:28" hostname="KtsCates-Ubuntu" time="1.335">
  <properties/>
  <testcase name="getHealth_animalInstantiateWithHealth_okay" classname="AnimalTest" time="0.866"/>
  <testcase name="getAge_animalInstantiateWithAge_newborn" classname="AnimalTest" time="0.022"/>
  <testcase name="animal_instantiateAnimal_true" classname="AnimalTest" time="0.026"/>
  <testcase name="save_insertIntoDatabase_True" classname="AnimalTest" time="0.088"/>
  <testcase name="all_returnAllAnimals_true" classname="AnimalTest" time="0.241"/>
  <testcase name="getName_animalInstantiateWithName_Lion" classname="AnimalTest" time="0.025"/>
  <testcase name="getEndangered_animalInstantiateWithEndangered_yes" classname="AnimalTest" time="0.03"/>
  <system-out><![CDATA[]]></system-out>
  <system-err><![CDATA[]]></system-err>
</testsuite>
